<?xml version="1.0" encoding="UTF-8"?>
<!-- Generated by org.testng.reporters.JUnitReportReporter -->
<testsuite skipped="0" hostname="LAPTOP-VBVJH9CB" name="com.AutomationPractice.Softasserttest" tests="1" failures="0" timestamp="2021-08-19T16:30:12 IST" time="0.006" errors="0">
  <testcase name="username" time="0.006" classname="com.AutomationPractice.Softasserttest"/>
  <system-out/>
</testsuite> <!-- com.AutomationPractice.Softasserttest -->
