<?xml version="1.0" encoding="UTF-8"?>
<!-- Generated by org.testng.reporters.JUnitReportReporter -->
<testsuite skipped="0" hostname="LAPTOP-VBVJH9CB" name="com.AutomationPractice.Demo1" tests="1" failures="0" timestamp="2021-08-16T11:13:52 IST" time="0.007" errors="0">
  <testcase name="searchmobile" time="0.007" classname="com.AutomationPractice.Demo1"/>
  <system-out/>
</testsuite> <!-- com.AutomationPractice.Demo1 -->
