<?xml version="1.0" encoding="UTF-8"?>
<!-- Generated by org.testng.reporters.JUnitReportReporter -->
<testsuite skipped="0" hostname="LAPTOP-VBVJH9CB" name="com.AutomationPractice.Parametertest" tests="1" failures="0" timestamp="2021-08-19T10:37:48 IST" time="0.007" errors="0">
  <testcase name="Username" time="0.007" classname="com.AutomationPractice.Parametertest"/>
  <system-out/>
</testsuite> <!-- com.AutomationPractice.Parametertest -->
