<?xml version="1.0" encoding="UTF-8"?>
<!-- Generated by org.testng.reporters.JUnitReportReporter -->
<testsuite skipped="0" hostname="LAPTOP-VBVJH9CB" name="com.AutomationPractice.Multipletimes" tests="10" failures="0" timestamp="2021-08-17T11:00:45 IST" time="0.031" errors="0">
  <testcase name="login" time="0.001" classname="com.AutomationPractice.Multipletimes"/>
  <system-out/>
  <testcase name="login" time="0.003" classname="com.AutomationPractice.Multipletimes"/>
  <system-out/>
  <testcase name="login" time="0.003" classname="com.AutomationPractice.Multipletimes"/>
  <system-out/>
  <testcase name="login" time="0.014" classname="com.AutomationPractice.Multipletimes"/>
  <system-out/>
  <testcase name="login" time="0.002" classname="com.AutomationPractice.Multipletimes"/>
  <system-out/>
  <testcase name="login" time="0.001" classname="com.AutomationPractice.Multipletimes"/>
  <system-out/>
  <testcase name="login" time="0.002" classname="com.AutomationPractice.Multipletimes"/>
  <system-out/>
  <testcase name="login" time="0.002" classname="com.AutomationPractice.Multipletimes"/>
  <system-out/>
  <testcase name="login" time="0.002" classname="com.AutomationPractice.Multipletimes"/>
  <system-out/>
  <testcase name="login" time="0.001" classname="com.AutomationPractice.Multipletimes"/>
  <system-out/>
</testsuite> <!-- com.AutomationPractice.Multipletimes -->
