<?xml version="1.0" encoding="UTF-8"?>
<!-- Generated by org.testng.reporters.JUnitReportReporter -->
<testsuite skipped="0" hostname="LAPTOP-VBVJH9CB" name="com.AutomationPractice.Parameter_test" tests="4" failures="0" timestamp="2021-08-20T10:44:54 IST" time="0.013" errors="0">
  <testcase name="password" time="0.001" classname="com.AutomationPractice.Parameter_test"/>
  <system-out/>
  <testcase name="username" time="0.001" classname="com.AutomationPractice.Parameter_test"/>
  <system-out/>
  <testcase name="loginid" time="0.009" classname="com.AutomationPractice.Parameter_test"/>
  <system-out/>
  <testcase name="mailid" time="0.002" classname="com.AutomationPractice.Parameter_test"/>
  <system-out/>
</testsuite> <!-- com.AutomationPractice.Parameter_test -->
