<?xml version="1.0" encoding="UTF-8"?>
<!-- Generated by org.testng.reporters.JUnitReportReporter -->
<testsuite skipped="0" hostname="LAPTOP-VBVJH9CB" name="com.AutomationPractice.Paralleltest" tests="2" failures="0" timestamp="2021-08-19T16:16:48 IST" time="9.650" errors="0">
  <testcase name="fb" time="5.692" classname="com.AutomationPractice.Paralleltest"/>
  <system-out/>
  <testcase name="twitter" time="3.958" classname="com.AutomationPractice.Paralleltest"/>
  <system-out/>
</testsuite> <!-- com.AutomationPractice.Paralleltest -->
