<?xml version="1.0" encoding="UTF-8"?>
<!-- Generated by org.testng.reporters.JUnitReportReporter -->
<testsuite skipped="0" hostname="LAPTOP-VBVJH9CB" name="com.AutomationPractice.Grouptest" tests="2" failures="0" timestamp="2021-08-18T16:54:58 IST" time="0.007" errors="0">
  <testcase name="oneplus" time="0.006" classname="com.AutomationPractice.Grouptest"/>
  <system-out/>
  <testcase name="redmi" time="0.001" classname="com.AutomationPractice.Grouptest"/>
  <system-out/>
</testsuite> <!-- com.AutomationPractice.Grouptest -->
