<?xml version="1.0" encoding="UTF-8"?>
<!-- Generated by org.testng.reporters.JUnitReportReporter -->
<testsuite skipped="0" hostname="LAPTOP-VBVJH9CB" name="com.AutomationPractice.Demo" tests="2" failures="0" timestamp="2021-08-14T19:18:10 IST" time="0.009" errors="0">
  <testcase name="guna" time="0.008" classname="com.AutomationPractice.Demo"/>
  <system-out/>
  <testcase name="hum" time="0.001" classname="com.AutomationPractice.Demo"/>
  <system-out/>
</testsuite> <!-- com.AutomationPractice.Demo -->
