<?xml version="1.0" encoding="UTF-8"?>
<!-- Generated by org.testng.reporters.JUnitReportReporter -->
<testsuite skipped="0" hostname="LAPTOP-VBVJH9CB" name="com.AutomationPractice.IgnoreTest" tests="3" failures="0" timestamp="2021-08-17T11:34:52 IST" time="0.007" errors="0">
  <testcase name="redmi" time="0.000" classname="com.AutomationPractice.IgnoreTest"/>
  <system-out/>
  <testcase name="oneplus" time="0.006" classname="com.AutomationPractice.IgnoreTest"/>
  <system-out/>
  <testcase name="samsung" time="0.001" classname="com.AutomationPractice.IgnoreTest"/>
  <system-out/>
</testsuite> <!-- com.AutomationPractice.IgnoreTest -->
