<?xml version="1.0" encoding="UTF-8"?>
<!-- Generated by org.testng.reporters.JUnitReportReporter -->
<testsuite skipped="0" hostname="LAPTOP-VBVJH9CB" name="com.AutomationPractice.Exceptiontime" tests="1" failures="0" timestamp="2021-08-17T11:26:16 IST" time="0.010" errors="0">
  <testcase name="login" time="0.010" classname="com.AutomationPractice.Exceptiontime"/>
  <system-out/>
</testsuite> <!-- com.AutomationPractice.Exceptiontime -->
