<?xml version="1.0" encoding="UTF-8"?>
<!-- Generated by org.testng.reporters.JUnitReportReporter -->
<testsuite skipped="0" hostname="LAPTOP-VBVJH9CB" name="com.AutomationPractice.Prioritytest" tests="6" failures="0" timestamp="2021-08-16T11:36:14 IST" time="0.012" errors="0">
  <testcase name="lockthedoor" time="0.007" classname="com.AutomationPractice.Prioritytest"/>
  <system-out/>
  <testcase name="startthecar" time="0.001" classname="com.AutomationPractice.Prioritytest"/>
  <system-out/>
  <testcase name="acclerator" time="0.001" classname="com.AutomationPractice.Prioritytest"/>
  <system-out/>
  <testcase name="firstgear" time="0.001" classname="com.AutomationPractice.Prioritytest"/>
  <system-out/>
  <testcase name="unlockthedoor" time="0.001" classname="com.AutomationPractice.Prioritytest"/>
  <system-out/>
  <testcase name="getintothecar" time="0.001" classname="com.AutomationPractice.Prioritytest"/>
  <system-out/>
</testsuite> <!-- com.AutomationPractice.Prioritytest -->
