<?xml version="1.0" encoding="UTF-8"?>
<!-- Generated by org.testng.reporters.JUnitReportReporter -->
<testsuite skipped="0" hostname="LAPTOP-VBVJH9CB" name="com.AutomationPractice.Dataprovidertest" tests="2" failures="0" timestamp="2021-08-19T16:08:44 IST" time="0.007" errors="0">
  <testcase name="loginDetails" time="0.006" classname="com.AutomationPractice.Dataprovidertest"/>
  <system-out/>
  <testcase name="loginDetails" time="0.001" classname="com.AutomationPractice.Dataprovidertest"/>
  <system-out/>
</testsuite> <!-- com.AutomationPractice.Dataprovidertest -->
